生成启动时间为 2016/9/7 13:39:57。
     1>项目“E:\GCL研究项目\工作\细分曲面 version 2\source code\Subdivision\Subdivision.vcxproj”在节点 2 上(rebuild 个目标)。
     1>_PrepareForClean:
         正在删除文件“Release\Subdivision.lastbuildstate”。
       InitializeBuildStatus:
         正在对“Release\Subdivision.unsuccessfulbuild”执行 Touch 任务。
       CustomBuild:
         Rcc'ing image.qrc...
       ClCompile:
         D:\Visual Studio 2010\VC\bin\CL.exe /c /Zi /nologo /W1 /WX- /O2 /Oy- /Gm- /EHsc /MD /GS /fp:precise /Zc:wchar_t /Zc:forScope /Fo"Release\\" /Fd"Release\vc100.pdb" /Gd /TP /analyze- /errorReport:prompt arcball.cpp CC_SDSurf.cpp DS_SDSurf.cpp GeneratedFiles\Debug\moc_renderingwidget.cpp HE_mesh\Mesh3D.cpp main.cpp mainwindow.cpp QT_SDSurf.cpp renderingwidget.cpp Loop_SDSurf.cpp
         arcball.cpp
     1>e:\gcl研究项目\工作\细分曲面 version 2\source code\subdivision\ArcBall.h(7): fatal error C1083: 无法打开包括文件:“QPoint”: No such file or directory
         CC_SDSurf.cpp
         DS_SDSurf.cpp
         moc_renderingwidget.cpp
     1>e:\gcl研究项目\工作\细分曲面 version 2\source code\subdivision\generatedfiles\debug\../../renderingwidget.h(5): fatal error C1083: 无法打开包括文件:“QEvent”: No such file or directory
         Mesh3D.cpp
     1>e:\gcl研究项目\工作\细分曲面 version 2\source code\subdivision\he_mesh\Mesh3D.h(5): fatal error C1083: 无法打开包括文件:“HE_mesh/Vec.h”: No such file or directory
         main.cpp
     1>e:\gcl研究项目\工作\细分曲面 version 2\source code\subdivision\mainwindow.h(5): fatal error C1083: 无法打开包括文件:“ui_mainwindow.h”: No such file or directory
         mainwindow.cpp
     1>e:\gcl研究项目\工作\细分曲面 version 2\source code\subdivision\mainwindow.h(5): fatal error C1083: 无法打开包括文件:“ui_mainwindow.h”: No such file or directory
         QT_SDSurf.cpp
         renderingwidget.cpp
     1>e:\gcl研究项目\工作\细分曲面 version 2\source code\subdivision\renderingwidget.h(5): fatal error C1083: 无法打开包括文件:“QEvent”: No such file or directory
         Loop_SDSurf.cpp
         正在生成代码...
     1>已完成生成项目“E:\GCL研究项目\工作\细分曲面 version 2\source code\Subdivision\Subdivision.vcxproj”(rebuild 个目标)的操作 - 失败。

生成失败。

已用时间 00:00:06.88
