E:\GCL研究项目\工作\细分曲面 VERSION 2\SOURCE CODE\SUBDIVISION\GENERATEDFILES\QRC_IMAGE.CPP
E:\GCL研究项目\工作\细分曲面 VERSION 2\SOURCE CODE\SUBDIVISION\GENERATEDFILES\QRC_SUBDIVISION.CPP
E:\GCL研究项目\工作\细分曲面 VERSION 2\SOURCE CODE\SUBDIVISION\GENERATEDFILES\RELEASE\MOC_MAINWINDOW.CPP
E:\GCL研究项目\工作\细分曲面 VERSION 2\SOURCE CODE\SUBDIVISION\GENERATEDFILES\RELEASE\MOC_RENDERINGWIDGET.CPP
E:\GCL研究项目\工作\细分曲面 VERSION 2\SOURCE CODE\SUBDIVISION\GENERATEDFILES\UI_MAINWINDOW.H
E:\GCL研究项目\工作\细分曲面 VERSION 2\SOURCE CODE\SUBDIVISION\RELEASE\ARCBALL.OBJ
E:\GCL研究项目\工作\细分曲面 VERSION 2\SOURCE CODE\SUBDIVISION\RELEASE\CC_SDSURF.OBJ
E:\GCL研究项目\工作\细分曲面 version 2\source code\Subdivision\Release\cl.command.1.tlog
E:\GCL研究项目\工作\细分曲面 version 2\source code\Subdivision\Release\CL.read.1.tlog
E:\GCL研究项目\工作\细分曲面 version 2\source code\Subdivision\Release\CL.write.1.tlog
E:\GCL研究项目\工作\细分曲面 version 2\source code\Subdivision\Release\custombuild.command.1.tlog
E:\GCL研究项目\工作\细分曲面 version 2\source code\Subdivision\Release\custombuild.read.1.tlog
E:\GCL研究项目\工作\细分曲面 version 2\source code\Subdivision\Release\custombuild.write.1.tlog
E:\GCL研究项目\工作\细分曲面 VERSION 2\SOURCE CODE\SUBDIVISION\RELEASE\DS_SDSURF.OBJ
E:\GCL研究项目\工作\细分曲面 version 2\source code\Subdivision\Release\link.command.1.tlog
E:\GCL研究项目\工作\细分曲面 version 2\source code\Subdivision\Release\link.read.1.tlog
E:\GCL研究项目\工作\细分曲面 version 2\source code\Subdivision\Release\link.write.1.tlog
E:\GCL研究项目\工作\细分曲面 VERSION 2\SOURCE CODE\SUBDIVISION\RELEASE\LOOP_SDSURF.OBJ
E:\GCL研究项目\工作\细分曲面 VERSION 2\SOURCE CODE\SUBDIVISION\RELEASE\MAIN.OBJ
E:\GCL研究项目\工作\细分曲面 VERSION 2\SOURCE CODE\SUBDIVISION\RELEASE\MAINWINDOW.OBJ
E:\GCL研究项目\工作\细分曲面 VERSION 2\SOURCE CODE\SUBDIVISION\RELEASE\MESH3D.OBJ
E:\GCL研究项目\工作\细分曲面 VERSION 2\SOURCE CODE\SUBDIVISION\RELEASE\QRC_SUBDIVISION.OBJ
E:\GCL研究项目\工作\细分曲面 VERSION 2\SOURCE CODE\SUBDIVISION\RELEASE\QT_SDSURF.OBJ
E:\GCL研究项目\工作\细分曲面 VERSION 2\SOURCE CODE\SUBDIVISION\RELEASE\RENDERINGWIDGET.OBJ
E:\GCL研究项目\工作\细分曲面 version 2\source code\Subdivision\Release\Subdivision.exe.intermediate.manifest
E:\GCL研究项目\工作\细分曲面 version 2\source code\Subdivision\Release\Subdivision.write.1.tlog
E:\GCL研究项目\工作\细分曲面 version 2\source code\Subdivision\Release\vc100.pdb
