生成启动时间为 2016/9/27 13:38:05。
     1>项目“E:\GCL研究项目\工作\Material aware modeling\Subdivision\Subdivision\Subdivision.vcxproj”在节点 2 上(build 个目标)。
     1>InitializeBuildStatus:
         正在对“Debug\Subdivision.unsuccessfulbuild”执行 Touch 任务。
       CustomBuild:
         所有输出均为最新。
       ClCompile:
         D:\Visual Studio 2010\VC\bin\CL.exe /c /I.\GeneratedFiles /I. /ID:\Qt\5.5\msvc2010\include /I.\GeneratedFiles\Debug /ID:\Qt\5.5\msvc2010\include\QtCore /ID:\Qt\5.5\msvc2010\include\QtGui /ID:\Qt\5.5\msvc2010\include\QtWidgets /Zi /nologo /W1 /WX- /Od /Oy- /D UNICODE /D WIN32 /D WIN64 /D QT_DLL /D QT_CORE_LIB /D QT_GUI_LIB /D QT_WIDGETS_LIB /Gm- /EHsc /MDd /GS /fp:precise /Zc:wchar_t /Zc:forScope /Fo"Debug\\" /Fd"Debug\vc100.pdb" /Gd /TP /analyze- /errorReport:prompt renderingwidget.cpp
         renderingwidget.cpp
         所有输出均为最新。
       ResourceCompile:
         所有输出均为最新。
       Link:
         D:\Visual Studio 2010\VC\bin\link.exe /ERRORREPORT:PROMPT /OUT:"E:\GCL研究项目\工作\Material aware modeling\Subdivision\Win32\Debug\\Subdivision.exe" /NOLOGO /LIBPATH:D:\Qt\5.5\msvc2010\lib qtmaind.lib Qt5Cored.lib Qt5Guid.lib Qt5Widgetsd.lib Qt5OpenGLd.lib opengl32.lib glu32.lib glut32.lib kernel32.lib user32.lib gdi32.lib winspool.lib comdlg32.lib advapi32.lib shell32.lib ole32.lib oleaut32.lib uuid.lib odbc32.lib odbccp32.lib /MANIFEST /ManifestFile:"Debug\Subdivision.exe.intermediate.manifest" /MANIFESTUAC:"level='asInvoker' uiAccess='false'" /DEBUG /PDB:"E:\GCL研究项目\工作\Material aware modeling\Subdivision\Win32\Debug\Subdivision.pdb" /SUBSYSTEM:WINDOWS /TLBID:1 /DYNAMICBASE /NXCOMPAT /IMPLIB:"E:\GCL研究项目\工作\Material aware modeling\Subdivision\Win32\Debug\Subdivision.lib" /MACHINE:X86 Debug\Subdivision.res
         Debug\arcball.obj
         Debug\CC_SDSurf.obj
         Debug\DS_SDSurf.obj
         Debug\moc_mainwindow.obj
         Debug\moc_renderingwidget.obj
         Debug\qrc_image.obj
         Debug\Mesh3D.obj
         Debug\main.obj
         Debug\mainwindow.obj
         Debug\renderingwidget.obj
         Debug\Loop_SDSurf.obj
         LINK : 没有找到 E:\GCL研究项目\工作\Material aware modeling\Subdivision\Win32\Debug\\Subdivision.exe 或上一个增量链接没有生成它；正在执行完全链接
         Subdivision.vcxproj -> E:\GCL研究项目\工作\Material aware modeling\Subdivision\Win32\Debug\Subdivision.exe
       Manifest:
         C:\Program Files (x86)\Microsoft SDKs\Windows\v7.0A\bin\mt.exe /nologo /verbose /outputresource:"E:\GCL研究项目\工作\Material aware modeling\Subdivision\Win32\Debug\\Subdivision.exe;#1" /manifest Debug\Subdivision.exe.intermediate.manifest
       FinalizeBuildStatus:
         正在删除文件“Debug\Subdivision.unsuccessfulbuild”。
         正在对“Debug\Subdivision.lastbuildstate”执行 Touch 任务。
     1>已完成生成项目“E:\GCL研究项目\工作\Material aware modeling\Subdivision\Subdivision\Subdivision.vcxproj”(build 个目标)的操作。

生成成功。

已用时间 00:00:05.03
